Reading netlist file: "D:\_FPGA\WAVPlayer\impl\gwsynthesis\WAVPlayer.vg"
Parsing netlist file "D:\_FPGA\WAVPlayer\impl\gwsynthesis\WAVPlayer.vg" completed
Processing netlist completed
Reading constraint file: "D:\_FPGA\WAVPlayer\src\WAVPlayer.cst"
Physical Constraint parsed completed
Running placement......
[10%] Placement Phase 0 completed
[20%] Placement Phase 1 completed
[30%] Placement Phase 2 completed
[50%] Placement Phase 3 completed
Running routing......
[60%] Routing Phase 0 completed
[70%] Routing Phase 1 completed
[80%] Routing Phase 2 completed
WARN  (PR1014) : Generic routing resource will be used to clock signal 'clk_d' by the specified constraint. And then it may lead to the excessive delay or skew
[90%] Routing Phase 3 completed
Running timing analysis......
[95%] Timing analysis completed
Placement and routing completed
Bitstream generation in progress......
Bitstream generation completed
Generate file "D:\_FPGA\WAVPlayer\impl\pnr\WAVPlayer.pin.html" completed
Generate file "D:\_FPGA\WAVPlayer\impl\pnr\WAVPlayer.rpt.html" completed
Generate file "D:\_FPGA\WAVPlayer\impl\pnr\WAVPlayer.rpt.txt" completed
Generate file "D:\_FPGA\WAVPlayer\impl\pnr\WAVPlayer.tr.html" completed
Thu Jan 11 15:28:42 2024

